<?xml version="1.0" encoding="UTF-8"?>
<!-- Generated by org.testng.reporters.JUnitXMLReporter -->
<testsuite hostname="CHETUIWK147" ignored="0" name="Bank ManagerLogin Test" tests="1" failures="1" timestamp="07 Jan 2021 17:39:29 GMT" time="0.662" errors="0">
  <testcase name="loginAsBankManager" time="0.281" classname="com.w2a.testcases.BankManagerLoginTest">
    <failure type="java.lang.AssertionError" message="failing test case">
      <![CDATA[java.lang.AssertionError: failing test case
	at com.w2a.testcases.BankManagerLoginTest.loginAsBankManager(BankManagerLoginTest.java:26)
... Removed 26 stack frames]]>
    </failure>
  </testcase> <!-- loginAsBankManager -->
</testsuite> <!-- Bank ManagerLogin Test -->
